\BOOKMARK [0][-]{chapter.1}{1 Einf\374hrung}{}% 1
\BOOKMARK [1][-]{section.1.1}{1.1 Motivation}{chapter.1}% 2
\BOOKMARK [1][-]{section.1.2}{1.2 Ziel dieser Arbeit}{chapter.1}% 3
\BOOKMARK [0][-]{chapter.2}{2 Vorstellung von Apache Spark}{}% 4
\BOOKMARK [1][-]{section.2.1}{2.1 \334berblick}{chapter.2}% 5
\BOOKMARK [1][-]{section.2.2}{2.2 Kernkonzepte}{chapter.2}% 6
\BOOKMARK [2][-]{subsection.2.2.1}{2.2.1 Resilient Distributed Datasets}{section.2.2}% 7
\BOOKMARK [2][-]{subsection.2.2.2}{2.2.2 Scheduling/Shuffling}{section.2.2}% 8
\BOOKMARK [2][-]{subsection.2.2.3}{2.2.3 Anwendungsdeployment und -lebenszyklus}{section.2.2}% 9
\BOOKMARK [2][-]{subsection.2.2.4}{2.2.4 Zusammenfassung und Bewertung}{section.2.2}% 10
\BOOKMARK [1][-]{section.2.3}{2.3 Standardbibliotheken}{chapter.2}% 11
\BOOKMARK [2][-]{subsection.2.3.1}{2.3.1 Dataframes/Spark SQL}{section.2.3}% 12
\BOOKMARK [2][-]{subsection.2.3.2}{2.3.2 MLlib}{section.2.3}% 13
\BOOKMARK [2][-]{subsection.2.3.3}{2.3.3 Streaming}{section.2.3}% 14
\BOOKMARK [2][-]{subsection.2.3.4}{2.3.4 GraphX}{section.2.3}% 15
\BOOKMARK [1][-]{section.2.4}{2.4 Betrieb und Security}{chapter.2}% 16
\BOOKMARK [1][-]{section.2.5}{2.5 Spark im Kontext von Parallelisierungspattern}{chapter.2}% 17
\BOOKMARK [1][-]{section.2.6}{2.6 Entwicklergemeinschaft}{chapter.2}% 18
\BOOKMARK [1][-]{section.2.7}{2.7 Auswahl verwandter Produkte}{chapter.2}% 19
\BOOKMARK [0][-]{chapter.3}{3 Beispielanwendung von Spark zur Datenanalyse}{}% 20
\BOOKMARK [1][-]{section.3.1}{3.1 Anwendungsfall}{chapter.3}% 21
\BOOKMARK [2][-]{subsection.3.1.1}{3.1.1 Anforderungen}{section.3.1}% 22
\BOOKMARK [2][-]{subsection.3.1.2}{3.1.2 Hardwarekontext und Performance-Basisdaten}{section.3.1}% 23
\BOOKMARK [2][-]{subsection.3.1.3}{3.1.3 L\366sungsskizze}{section.3.1}% 24
\BOOKMARK [2][-]{subsection.3.1.4}{3.1.4 Ergebnisse und Bewertung}{section.3.1}% 25
\BOOKMARK [1][-]{section.3.2}{3.2 Spark-basierte Implementation von Operatoren aus der Klimaforschung}{chapter.3}% 26
\BOOKMARK [2][-]{subsection.3.2.1}{3.2.1 Beschreibung des Problems}{section.3.2}% 27
\BOOKMARK [2][-]{subsection.3.2.2}{3.2.2 Hardwarekontext und Performance-Basisdaten}{section.3.2}% 28
\BOOKMARK [2][-]{subsection.3.2.3}{3.2.3 Architektur\374bersicht}{section.3.2}% 29
\BOOKMARK [2][-]{subsection.3.2.4}{3.2.4 Detailierte L\366sungsbeschreibung}{section.3.2}% 30
\BOOKMARK [2][-]{subsection.3.2.5}{3.2.5 Ergebnisse}{section.3.2}% 31
\BOOKMARK [0][-]{chapter.4}{4 Schlussbetrachtung}{}% 32
\BOOKMARK [1][-]{section.4.1}{4.1 Kritische Betrachtung der Ergebnisse}{chapter.4}% 33
\BOOKMARK [1][-]{section.4.2}{4.2 Ausblick und offene Punkte}{chapter.4}% 34
\BOOKMARK [0][-]{section*.52}{Acronyme}{}% 35
\BOOKMARK [0][-]{section*.54}{Glossar}{}% 36
\BOOKMARK [0][-]{section*.56}{Anhang}{}% 37
\BOOKMARK [1][-]{section.1..1}{1 Installation der Plattform}{section*.56}% 38
\BOOKMARK [1][-]{section.1..2}{2 Quellcode \(Ausz\374ge\)}{section*.56}% 39
\BOOKMARK [1][-]{section.1..3}{3 Sonstiges}{section*.56}% 40
\BOOKMARK [2][-]{subsection.1..3.1}{3.1 Einsch\344tzung des theoretischen Spitzendurchsatzes von Mittelklasse-Servern}{section.1..3}% 41
