"Dstat 0.7.2 CSV output"
"Author:","Dag Wieers <dag@wieers.com>",,,,"URL:","http://dag.wieers.com/home-made/dstat/"
"Host:","dell01",,,,"User:","daniel"
"Cmdline:","dstat -cdlsm --output 4W32B1R.log",,,,"Date:","14 Jun 2015 03:28:32 PDT"

"total cpu usage",,,,,,"dsk/total",,"load avg",,,"swap",,"memory usage",,,
"usr","sys","idl","wai","hiq","siq","read","writ","1m","5m","15m","used","free","used","buff","cach","free"
2.452,0.828,95.163,1.432,0.003,0.123,199172.239,122719.353,0.110,0.360,0.370,162484224.0,1972412416.0,736149504.0,27312128.0,1101910016.0,241942528.0,
24.607,4.712,8.377,62.304,0.0,0.0,6389760.0,0.0,0.110,0.360,0.370,156631040.0,1978265600.0,747614208.0,27312128.0,1108021248.0,224366592.0,
51.741,5.473,15.920,26.866,0.0,0.0,3547136.0,0.0,0.110,0.360,0.370,153554944.0,1981341696.0,765865984.0,27312128.0,1111334912.0,202801152.0,
76.884,5.025,16.080,2.010,0.0,0.0,8192.0,0.0,0.180,0.370,0.380,153554944.0,1981341696.0,785756160.0,27316224.0,1111339008.0,182902784.0,
59.799,7.035,32.161,0.503,0.0,0.503,32768.0,98304.0,0.180,0.370,0.380,153554944.0,1981341696.0,829427712.0,27320320.0,1111371776.0,139194368.0,
65.152,13.131,18.182,3.030,0.0,0.505,229376.0,0.0,0.180,0.370,0.380,153554944.0,1981341696.0,863895552.0,27324416.0,1059893248.0,156200960.0,
82.915,5.025,4.020,8.040,0.0,0.0,360448.0,0.0,0.180,0.370,0.380,153554944.0,1981341696.0,874782720.0,27324416.0,1060597760.0,144609280.0,
80.100,5.473,12.438,1.493,0.0,0.498,307200.0,0.0,0.180,0.370,0.380,153554944.0,1981341696.0,878424064.0,27324416.0,1060937728.0,140627968.0,
67.005,4.061,25.381,3.553,0.0,0.0,376832.0,0.0,0.250,0.380,0.380,153554944.0,1981341696.0,882876416.0,27332608.0,1061285888.0,135819264.0,
45.771,6.965,34.328,12.935,0.0,0.0,696320.0,0.0,0.250,0.380,0.380,153546752.0,1981349888.0,885690368.0,27336704.0,1062068224.0,132218880.0,
50.0,5.446,28.713,15.347,0.0,0.495,651264.0,167936.0,0.250,0.380,0.380,153546752.0,1981349888.0,889679872.0,27369472.0,1062834176.0,127430656.0,
40.609,6.599,39.086,13.706,0.0,0.0,860160.0,0.0,0.250,0.380,0.380,153546752.0,1981349888.0,916086784.0,27377664.0,1025564672.0,138285056.0,
23.116,3.015,70.854,3.015,0.0,0.0,217088.0,0.0,0.250,0.380,0.380,153546752.0,1981349888.0,916013056.0,27377664.0,1021685760.0,142237696.0,
5.641,0.513,93.846,0.0,0.0,0.0,0.0,0.0,0.230,0.370,0.380,153546752.0,1981349888.0,916340736.0,27377664.0,1021685760.0,141910016.0,
2.538,1.015,96.447,0.0,0.0,0.0,0.0,61440.0,0.230,0.370,0.380,153546752.0,1981349888.0,916340736.0,27377664.0,1021685760.0,141910016.0,
2.020,0.505,95.455,2.020,0.0,0.0,0.0,204800.0,0.230,0.370,0.380,153546752.0,1981349888.0,916717568.0,27385856.0,1021681664.0,141529088.0,
4.103,0.513,95.385,0.0,0.0,0.0,0.0,0.0,0.230,0.370,0.380,153546752.0,1981349888.0,916729856.0,27385856.0,1021685760.0,141512704.0,
2.500,1.0,96.0,0.0,0.0,0.500,0.0,0.0,0.230,0.370,0.380,153546752.0,1981349888.0,916762624.0,27385856.0,1021685760.0,141479936.0,
3.980,1.493,94.527,0.0,0.0,0.0,0.0,0.0,0.290,0.380,0.380,153546752.0,1981349888.0,916762624.0,27385856.0,1021685760.0,141479936.0,
3.015,1.508,95.477,0.0,0.0,0.0,0.0,0.0,0.290,0.380,0.380,153546752.0,1981349888.0,916881408.0,27385856.0,1021685760.0,141361152.0,
3.518,1.005,95.477,0.0,0.0,0.0,0.0,0.0,0.290,0.380,0.380,153546752.0,1981349888.0,916848640.0,27385856.0,1021685760.0,141393920.0,
2.538,0.508,95.939,1.015,0.0,0.0,0.0,61440.0,0.290,0.380,0.380,153546752.0,1981349888.0,916959232.0,27394048.0,1021685760.0,141275136.0,
5.025,1.005,93.970,0.0,0.0,0.0,0.0,0.0,0.290,0.380,0.380,153546752.0,1981349888.0,917213184.0,27394048.0,1021685760.0,141021184.0,
14.356,1.485,81.188,2.970,0.0,0.0,20480.0,0.0,0.270,0.380,0.380,153546752.0,1981349888.0,917479424.0,27394048.0,1021706240.0,140734464.0,
11.340,2.062,86.082,0.515,0.0,0.0,12288.0,0.0,0.270,0.380,0.380,153546752.0,1981349888.0,917647360.0,27394048.0,1021665280.0,140607488.0,
17.822,2.475,79.208,0.495,0.0,0.0,20480.0,0.0,0.270,0.380,0.380,153546752.0,1981349888.0,918384640.0,27394048.0,1021693952.0,139841536.0,
9.548,2.010,84.925,3.015,0.0,0.503,4096.0,61440.0,0.270,0.380,0.380,153546752.0,1981349888.0,918532096.0,27398144.0,1021702144.0,139681792.0,
6.186,1.546,91.753,0.515,0.0,0.0,12288.0,0.0,0.270,0.380,0.380,153546752.0,1981349888.0,918773760.0,27398144.0,1021718528.0,139423744.0,
20.812,7.614,69.543,2.030,0.0,0.0,176128.0,0.0,0.330,0.390,0.380,153546752.0,1981349888.0,952532992.0,27398144.0,983592960.0,143790080.0,
4.523,2.513,92.965,0.0,0.0,0.0,0.0,401408.0,0.330,0.390,0.380,153546752.0,1981349888.0,952696832.0,27398144.0,983724032.0,143495168.0,
8.205,1.026,90.769,0.0,0.0,0.0,0.0,0.0,0.330,0.390,0.380,153546752.0,1981349888.0,952631296.0,27398144.0,983724032.0,143560704.0,
3.518,0.503,93.970,2.010,0.0,0.0,0.0,73728.0,0.330,0.390,0.380,153546752.0,1981349888.0,952782848.0,27406336.0,983724032.0,143400960.0,
3.500,2.500,94.0,0.0,0.0,0.0,0.0,0.0,0.330,0.390,0.380,153546752.0,1981349888.0,952782848.0,27406336.0,983724032.0,143400960.0,
2.030,1.523,96.447,0.0,0.0,0.0,0.0,0.0,0.300,0.380,0.380,153546752.0,1981349888.0,953036800.0,27406336.0,983724032.0,143147008.0,
8.673,1.531,89.796,0.0,0.0,0.0,0.0,53248.0,0.300,0.380,0.380,153546752.0,1981349888.0,953298944.0,27406336.0,983724032.0,142884864.0,
10.769,0.513,88.718,0.0,0.0,0.0,0.0,0.0,0.300,0.380,0.380,153546752.0,1981349888.0,953397248.0,27406336.0,983724032.0,142786560.0,
5.051,1.515,93.434,0.0,0.0,0.0,0.0,65536.0,0.300,0.380,0.380,153546752.0,1981349888.0,953516032.0,27414528.0,983724032.0,142659584.0,
4.0,0.500,95.0,0.0,0.0,0.500,0.0,0.0,0.300,0.380,0.380,153546752.0,1981349888.0,953516032.0,27414528.0,983724032.0,142659584.0,
12.245,1.020,85.714,1.020,0.0,0.0,20480.0,0.0,0.280,0.380,0.380,153546752.0,1981349888.0,953589760.0,27414528.0,983744512.0,142565376.0,
1.031,0.515,97.938,0.515,0.0,0.0,4096.0,241664.0,0.280,0.380,0.380,153546752.0,1981349888.0,953577472.0,27418624.0,983752704.0,142565376.0,
5.528,1.508,92.965,0.0,0.0,0.0,0.0,0.0,0.280,0.380,0.380,153546752.0,1981349888.0,953729024.0,27418624.0,983752704.0,142413824.0,
2.513,1.508,93.970,2.010,0.0,0.0,0.0,77824.0,0.280,0.380,0.380,153546752.0,1981349888.0,953761792.0,27426816.0,983744512.0,142381056.0,
3.061,1.020,95.918,0.0,0.0,0.0,0.0,0.0,0.280,0.380,0.380,153546752.0,1981349888.0,953696256.0,27426816.0,983752704.0,142438400.0,
3.046,0.508,96.447,0.0,0.0,0.0,0.0,0.0,0.330,0.390,0.380,153546752.0,1981349888.0,953696256.0,27426816.0,983752704.0,142438400.0,
4.545,1.515,93.939,0.0,0.0,0.0,0.0,184320.0,0.330,0.390,0.380,153546752.0,1981349888.0,953839616.0,27426816.0,983752704.0,142295040.0,
2.538,2.030,95.431,0.0,0.0,0.0,0.0,0.0,0.330,0.390,0.380,153546752.0,1981349888.0,953782272.0,27426816.0,983752704.0,142352384.0,
4.082,0.510,95.408,0.0,0.0,0.0,0.0,0.0,0.330,0.390,0.380,153546752.0,1981349888.0,953749504.0,27426816.0,983752704.0,142385152.0,
3.590,0.513,94.359,1.538,0.0,0.0,0.0,69632.0,0.330,0.390,0.380,153546752.0,1981349888.0,953774080.0,27435008.0,983752704.0,142352384.0,
3.571,1.020,95.408,0.0,0.0,0.0,0.0,0.0,0.310,0.380,0.380,153546752.0,1981349888.0,953901056.0,27435008.0,983752704.0,142225408.0,
3.030,1.010,95.960,0.0,0.0,0.0,0.0,4096.0,0.310,0.380,0.380,153546752.0,1981349888.0,953958400.0,27435008.0,983752704.0,142168064.0,
4.592,0.510,94.898,0.0,0.0,0.0,0.0,0.0,0.310,0.380,0.380,153546752.0,1981349888.0,953901056.0,27435008.0,983752704.0,142225408.0,
4.061,1.523,94.416,0.0,0.0,0.0,0.0,0.0,0.310,0.380,0.380,153546752.0,1981349888.0,953774080.0,27435008.0,983752704.0,142352384.0,
3.030,1.515,94.444,1.010,0.0,0.0,0.0,49152.0,0.310,0.380,0.380,153546752.0,1981349888.0,953765888.0,27443200.0,983752704.0,142352384.0,
3.553,0.508,95.939,0.0,0.0,0.0,0.0,0.0,0.280,0.370,0.380,153546752.0,1981349888.0,953765888.0,27443200.0,983752704.0,142352384.0,
2.513,2.010,95.477,0.0,0.0,0.0,0.0,0.0,0.280,0.370,0.380,153546752.0,1981349888.0,953765888.0,27443200.0,983752704.0,142352384.0,
3.061,1.020,95.918,0.0,0.0,0.0,0.0,0.0,0.280,0.370,0.380,153546752.0,1981349888.0,953765888.0,27443200.0,983752704.0,142352384.0,
4.615,0.513,94.872,0.0,0.0,0.0,0.0,0.0,0.280,0.370,0.380,153546752.0,1981349888.0,953765888.0,27443200.0,983752704.0,142352384.0,
3.061,1.020,94.898,0.510,0.0,0.510,0.0,53248.0,0.280,0.370,0.380,153546752.0,1981349888.0,953729024.0,27451392.0,983748608.0,142385152.0,
5.0,1.500,93.500,0.0,0.0,0.0,0.0,0.0,0.260,0.370,0.380,153546752.0,1981349888.0,953688064.0,27451392.0,983756800.0,142417920.0,
3.046,0.508,96.447,0.0,0.0,0.0,0.0,0.0,0.260,0.370,0.380,153546752.0,1981349888.0,953683968.0,27451392.0,983760896.0,142417920.0,
4.500,1.0,94.500,0.0,0.0,0.0,0.0,0.0,0.260,0.370,0.380,153546752.0,1981349888.0,953683968.0,27451392.0,983760896.0,142417920.0,
3.015,1.508,95.477,0.0,0.0,0.0,0.0,0.0,0.260,0.370,0.380,153546752.0,1981349888.0,953651200.0,27451392.0,983760896.0,142450688.0,
3.518,2.513,93.970,0.0,0.0,0.0,0.0,0.0,0.260,0.370,0.380,153546752.0,1981349888.0,953618432.0,27451392.0,983760896.0,142483456.0,
3.0,1.0,95.0,1.0,0.0,0.0,0.0,49152.0,0.240,0.360,0.370,153546752.0,1981349888.0,953606144.0,27459584.0,983764992.0,142483456.0,
4.103,0.513,94.872,0.513,0.0,0.0,0.0,196608.0,0.240,0.360,0.370,153546752.0,1981349888.0,953606144.0,27459584.0,983764992.0,142483456.0,
5.025,1.508,93.467,0.0,0.0,0.0,0.0,0.0,0.240,0.360,0.370,153546752.0,1981349888.0,953769984.0,27459584.0,983764992.0,142319616.0,
3.535,1.515,94.949,0.0,0.0,0.0,0.0,0.0,0.240,0.360,0.370,153546752.0,1981349888.0,953552896.0,27459584.0,983764992.0,142536704.0,
3.535,0.505,95.960,0.0,0.0,0.0,0.0,0.0,0.240,0.360,0.370,153546752.0,1981349888.0,953679872.0,27459584.0,983764992.0,142409728.0,
5.941,1.485,90.594,1.980,0.0,0.0,0.0,65536.0,0.300,0.370,0.380,153546752.0,1981349888.0,953520128.0,27467776.0,983764992.0,142561280.0,
2.564,0.513,96.923,0.0,0.0,0.0,0.0,8192.0,0.300,0.370,0.380,153546752.0,1981349888.0,953483264.0,27467776.0,983764992.0,142598144.0,
21.827,0.508,77.665,0.0,0.0,0.0,0.0,0.0,0.300,0.370,0.380,153546752.0,1981349888.0,954404864.0,27467776.0,983764992.0,141676544.0,
3.500,1.500,95.0,0.0,0.0,0.0,0.0,0.0,0.300,0.370,0.380,153546752.0,1981349888.0,954355712.0,27467776.0,983764992.0,141725696.0,
3.980,2.488,93.035,0.0,0.0,0.498,0.0,0.0,0.300,0.370,0.380,153546752.0,1981349888.0,953032704.0,27467776.0,979447808.0,147365888.0,
3.046,1.015,93.909,2.030,0.0,0.0,0.0,65536.0,0.280,0.370,0.380,153546752.0,1981349888.0,953667584.0,27475968.0,979521536.0,146649088.0,
3.553,0.508,95.431,0.0,0.0,0.508,0.0,69632.0,0.280,0.370,0.380,153546752.0,1981349888.0,953749504.0,27475968.0,979529728.0,146558976.0,
4.020,1.005,94.975,0.0,0.0,0.0,0.0,0.0,0.280,0.370,0.380,153546752.0,1981349888.0,953716736.0,27475968.0,979529728.0,146591744.0,
11.675,5.584,82.741,0.0,0.0,0.0,0.0,0.0,0.280,0.370,0.380,153546752.0,1981349888.0,987099136.0,27475968.0,945680384.0,147058688.0,
5.051,1.515,93.434,0.0,0.0,0.0,0.0,0.0,0.280,0.370,0.380,153546752.0,1981349888.0,987123712.0,27475968.0,945684480.0,147030016.0,
5.584,1.523,92.893,0.0,0.0,0.0,0.0,0.0,0.250,0.360,0.370,153546752.0,1981349888.0,987123712.0,27475968.0,945684480.0,147030016.0,
10.050,1.005,87.437,1.508,0.0,0.0,0.0,196608.0,0.250,0.360,0.370,153546752.0,1981349888.0,987377664.0,27484160.0,945684480.0,146767872.0,
4.569,0.0,95.431,0.0,0.0,0.0,0.0,0.0,0.250,0.360,0.370,153546752.0,1981349888.0,987049984.0,27484160.0,945684480.0,147095552.0,
2.538,1.015,96.447,0.0,0.0,0.0,0.0,0.0,0.250,0.360,0.370,153546752.0,1981349888.0,987049984.0,27484160.0,945684480.0,147095552.0,
3.553,1.015,95.431,0.0,0.0,0.0,0.0,0.0,0.250,0.360,0.370,153546752.0,1981349888.0,985468928.0,27484160.0,941494272.0,152866816.0,
3.046,1.015,95.939,0.0,0.0,0.0,0.0,0.0,0.230,0.350,0.370,153546752.0,1981349888.0,985620480.0,27484160.0,941477888.0,152731648.0,
2.551,1.020,94.388,2.041,0.0,0.0,0.0,421888.0,0.230,0.350,0.370,153546752.0,1981349888.0,985735168.0,27492352.0,941477888.0,152608768.0,
4.0,1.500,94.500,0.0,0.0,0.0,0.0,0.0,0.230,0.350,0.370,153546752.0,1981349888.0,985735168.0,27492352.0,941477888.0,152608768.0,
5.076,0.508,94.416,0.0,0.0,0.0,0.0,0.0,0.230,0.350,0.370,153546752.0,1981349888.0,985829376.0,27492352.0,941477888.0,152514560.0,
4.975,1.990,93.035,0.0,0.0,0.0,0.0,0.0,0.230,0.350,0.370,153546752.0,1981349888.0,985923584.0,27492352.0,941477888.0,152420352.0,
6.633,0.510,92.857,0.0,0.0,0.0,0.0,0.0,0.220,0.350,0.370,153546752.0,1981349888.0,986046464.0,27492352.0,941481984.0,152293376.0,
2.525,1.515,93.939,2.020,0.0,0.0,0.0,81920.0,0.220,0.350,0.370,153546752.0,1981349888.0,986202112.0,27496448.0,941481984.0,152133632.0,
4.592,0.510,94.898,0.0,0.0,0.0,0.0,0.0,0.220,0.350,0.370,153546752.0,1981349888.0,986198016.0,27496448.0,941486080.0,152133632.0,
18.0,1.500,80.0,0.0,0.0,0.500,4096.0,0.0,0.220,0.350,0.370,153546752.0,1981349888.0,986382336.0,27496448.0,941490176.0,151945216.0,
22.335,1.015,76.142,0.0,0.0,0.508,0.0,0.0,0.220,0.350,0.370,153546752.0,1981349888.0,986284032.0,27496448.0,941490176.0,152043520.0,
3.030,1.010,95.960,0.0,0.0,0.0,0.0,0.0,0.200,0.340,0.370,153546752.0,1981349888.0,986284032.0,27496448.0,941490176.0,152043520.0,
4.569,1.015,94.416,0.0,0.0,0.0,0.0,0.0,0.200,0.340,0.370,153546752.0,1981349888.0,986251264.0,27496448.0,941490176.0,152076288.0,
14.213,1.015,83.249,1.523,0.0,0.0,0.0,57344.0,0.200,0.340,0.370,153546752.0,1981349888.0,986238976.0,27504640.0,941494272.0,152076288.0,
6.122,0.0,93.878,0.0,0.0,0.0,0.0,0.0,0.200,0.340,0.370,153546752.0,1981349888.0,986238976.0,27504640.0,941494272.0,152076288.0,
3.046,1.015,95.939,0.0,0.0,0.0,0.0,0.0,0.200,0.340,0.370,153546752.0,1981349888.0,986202112.0,27504640.0,941498368.0,152109056.0,
3.553,1.015,95.431,0.0,0.0,0.0,0.0,0.0,0.180,0.340,0.370,153546752.0,1981349888.0,986202112.0,27504640.0,941498368.0,152109056.0,
2.513,1.508,95.980,0.0,0.0,0.0,0.0,0.0,0.180,0.340,0.370,153546752.0,1981349888.0,986202112.0,27504640.0,941498368.0,152109056.0,
3.061,0.510,94.898,1.531,0.0,0.0,0.0,53248.0,0.180,0.340,0.370,153546752.0,1981349888.0,986161152.0,27512832.0,941498368.0,152141824.0,
5.970,1.493,92.040,0.0,0.0,0.498,0.0,0.0,0.180,0.340,0.370,153546752.0,1981349888.0,986353664.0,27512832.0,941498368.0,151949312.0,
4.523,1.005,94.472,0.0,0.0,0.0,0.0,0.0,0.180,0.340,0.370,153546752.0,1981349888.0,986361856.0,27512832.0,941498368.0,151941120.0,
2.525,1.515,95.960,0.0,0.0,0.0,0.0,0.0,0.170,0.330,0.360,153546752.0,1981349888.0,986329088.0,27512832.0,941498368.0,151973888.0,
4.569,0.508,94.924,0.0,0.0,0.0,0.0,0.0,0.170,0.330,0.360,153546752.0,1981349888.0,986329088.0,27512832.0,941498368.0,151973888.0,
2.538,1.523,94.924,1.015,0.0,0.0,0.0,53248.0,0.170,0.330,0.360,153546752.0,1981349888.0,986329088.0,27516928.0,941494272.0,151973888.0,
6.030,1.005,92.965,0.0,0.0,0.0,0.0,0.0,0.170,0.330,0.360,153546752.0,1981349888.0,986484736.0,27516928.0,941498368.0,151814144.0,
2.041,2.041,95.918,0.0,0.0,0.0,0.0,0.0,0.170,0.330,0.360,153546752.0,1981349888.0,986959872.0,27516928.0,941498368.0,151339008.0,
4.040,1.010,94.949,0.0,0.0,0.0,0.0,0.0,0.150,0.330,0.360,153546752.0,1981349888.0,987144192.0,27516928.0,941498368.0,151154688.0,
2.551,0.510,96.939,0.0,0.0,0.0,0.0,0.0,0.150,0.330,0.360,153546752.0,1981349888.0,986959872.0,27516928.0,941498368.0,151339008.0,
4.500,0.500,95.0,0.0,0.0,0.0,0.0,0.0,0.150,0.330,0.360,153546752.0,1981349888.0,986959872.0,27516928.0,941498368.0,151339008.0,
2.030,1.015,95.431,1.523,0.0,0.0,0.0,49152.0,0.150,0.330,0.360,153546752.0,1981349888.0,987078656.0,27525120.0,941498368.0,151212032.0,
3.500,2.0,94.500,0.0,0.0,0.0,0.0,0.0,0.150,0.330,0.360,153546752.0,1981349888.0,987078656.0,27525120.0,941498368.0,151212032.0,
1.546,0.515,97.938,0.0,0.0,0.0,0.0,0.0,0.140,0.320,0.360,153546752.0,1981349888.0,987111424.0,27525120.0,941498368.0,151179264.0,
3.500,2.0,94.500,0.0,0.0,0.0,0.0,61440.0,0.140,0.320,0.360,153546752.0,1981349888.0,987238400.0,27525120.0,941498368.0,151052288.0,
3.535,1.515,94.949,0.0,0.0,0.0,0.0,0.0,0.140,0.320,0.360,153546752.0,1981349888.0,986984448.0,27525120.0,941498368.0,151306240.0,
4.0,2.0,92.500,1.500,0.0,0.0,0.0,61440.0,0.140,0.320,0.360,153546752.0,1981349888.0,987230208.0,27533312.0,941498368.0,151052288.0,
4.040,2.020,92.929,1.010,0.0,0.0,172032.0,0.0,0.140,0.320,0.360,153546752.0,1981349888.0,986963968.0,27705344.0,941498368.0,151146496.0,
5.941,1.485,92.574,0.0,0.0,0.0,0.0,0.0,0.130,0.310,0.360,153546752.0,1981349888.0,986963968.0,27705344.0,941498368.0,151146496.0,
4.061,1.015,94.416,0.0,0.0,0.508,0.0,286720.0,0.130,0.310,0.360,153546752.0,1981349888.0,986963968.0,27705344.0,941498368.0,151146496.0,
4.975,1.493,93.532,0.0,0.0,0.0,0.0,0.0,0.130,0.310,0.360,153546752.0,1981349888.0,986959872.0,27705344.0,941502464.0,151146496.0,
2.513,2.010,93.467,2.010,0.0,0.0,0.0,86016.0,0.130,0.310,0.360,153546752.0,1981349888.0,986955776.0,27709440.0,941502464.0,151146496.0,
4.040,0.505,95.455,0.0,0.0,0.0,0.0,0.0,0.130,0.310,0.360,153546752.0,1981349888.0,986955776.0,27709440.0,941502464.0,151146496.0,
3.0,1.500,95.500,0.0,0.0,0.0,0.0,0.0,0.120,0.310,0.360,153546752.0,1981349888.0,986955776.0,27709440.0,941502464.0,151146496.0,
4.061,1.015,94.924,0.0,0.0,0.0,0.0,49152.0,0.120,0.310,0.360,153546752.0,1981349888.0,986955776.0,27709440.0,941502464.0,151146496.0,
3.518,1.508,94.975,0.0,0.0,0.0,0.0,0.0,0.120,0.310,0.360,153546752.0,1981349888.0,986988544.0,27709440.0,941502464.0,151113728.0,
3.093,0.515,95.361,1.031,0.0,0.0,0.0,49152.0,0.120,0.310,0.360,153546752.0,1981349888.0,986984448.0,27717632.0,941498368.0,151113728.0,
2.538,1.523,95.939,0.0,0.0,0.0,0.0,0.0,0.120,0.310,0.360,153546752.0,1981349888.0,986947584.0,27717632.0,941502464.0,151146496.0,
4.500,2.0,93.500,0.0,0.0,0.0,0.0,0.0,0.110,0.300,0.350,153546752.0,1981349888.0,986972160.0,27717632.0,941502464.0,151121920.0,
3.030,1.515,95.455,0.0,0.0,0.0,0.0,0.0,0.110,0.300,0.350,153546752.0,1981349888.0,986914816.0,27717632.0,941502464.0,151179264.0,
5.102,1.020,93.878,0.0,0.0,0.0,0.0,0.0,0.110,0.300,0.350,153546752.0,1981349888.0,986882048.0,27717632.0,941502464.0,151212032.0,
2.030,0.508,95.431,2.030,0.0,0.0,0.0,57344.0,0.110,0.300,0.350,153546752.0,1981349888.0,987009024.0,27725824.0,941494272.0,151085056.0,
3.465,2.475,94.059,0.0,0.0,0.0,0.0,0.0,0.110,0.300,0.350,153546752.0,1981349888.0,986873856.0,27725824.0,941502464.0,151212032.0,
2.538,1.523,95.939,0.0,0.0,0.0,0.0,0.0,0.100,0.300,0.350,153546752.0,1981349888.0,986873856.0,27725824.0,941502464.0,151212032.0,
4.0,2.0,94.0,0.0,0.0,0.0,0.0,0.0,0.100,0.300,0.350,153546752.0,1981349888.0,987058176.0,27725824.0,941502464.0,151027712.0,
2.513,2.010,95.477,0.0,0.0,0.0,0.0,0.0,0.100,0.300,0.350,153546752.0,1981349888.0,986873856.0,27725824.0,941502464.0,151212032.0,
5.641,0.513,93.846,0.0,0.0,0.0,0.0,0.0,0.100,0.300,0.350,153546752.0,1981349888.0,986841088.0,27725824.0,941502464.0,151244800.0,
3.061,1.020,94.898,1.020,0.0,0.0,0.0,49152.0,0.100,0.300,0.350,153546752.0,1981349888.0,986836992.0,27729920.0,941502464.0,151244800.0,
3.500,1.500,95.0,0.0,0.0,0.0,0.0,0.0,0.090,0.290,0.350,153546752.0,1981349888.0,986836992.0,27729920.0,941502464.0,151244800.0,
2.525,1.515,95.455,0.0,0.0,0.505,0.0,0.0,0.090,0.290,0.350,153546752.0,1981349888.0,986828800.0,27729920.0,941502464.0,151252992.0,
4.061,0.0,95.939,0.0,0.0,0.0,0.0,0.0,0.090,0.290,0.350,153546752.0,1981349888.0,986861568.0,27729920.0,941502464.0,151220224.0,
2.010,1.508,96.482,0.0,0.0,0.0,0.0,0.0,0.090,0.290,0.350,153546752.0,1981349888.0,986861568.0,27729920.0,941502464.0,151220224.0,
10.256,0.513,87.692,1.538,0.0,0.0,0.0,53248.0,0.090,0.290,0.350,153546752.0,1981349888.0,986824704.0,27734016.0,941502464.0,151252992.0,
2.538,1.015,96.447,0.0,0.0,0.0,0.0,0.0,0.090,0.290,0.350,153546752.0,1981349888.0,987078656.0,27734016.0,941502464.0,150999040.0,
7.653,1.020,91.327,0.0,0.0,0.0,0.0,77824.0,0.090,0.290,0.350,153546752.0,1981349888.0,986791936.0,27734016.0,941502464.0,151285760.0,
7.576,1.515,90.404,0.0,0.0,0.505,0.0,0.0,0.090,0.290,0.350,153546752.0,1981349888.0,986984448.0,27734016.0,941502464.0,151093248.0,
7.143,0.510,92.347,0.0,0.0,0.0,0.0,0.0,0.090,0.290,0.350,153546752.0,1981349888.0,986836992.0,27734016.0,941502464.0,151240704.0,
7.960,2.985,88.060,0.995,0.0,0.0,0.0,65536.0,0.090,0.290,0.350,153546752.0,1981349888.0,986796032.0,27742208.0,941502464.0,151273472.0,
5.612,1.020,93.367,0.0,0.0,0.0,0.0,0.0,0.080,0.280,0.350,153546752.0,1981349888.0,986759168.0,27742208.0,941502464.0,151310336.0,
5.528,1.005,93.467,0.0,0.0,0.0,0.0,0.0,0.080,0.280,0.350,153546752.0,1981349888.0,986738688.0,27742208.0,941502464.0,151330816.0,
3.500,2.0,94.0,0.0,0.0,0.500,0.0,0.0,0.080,0.280,0.350,153546752.0,1981349888.0,986693632.0,27742208.0,941502464.0,151375872.0,
2.525,2.020,95.455,0.0,0.0,0.0,0.0,0.0,0.080,0.280,0.350,153546752.0,1981349888.0,986726400.0,27742208.0,941502464.0,151343104.0,
4.061,1.015,93.909,0.508,0.0,0.508,0.0,53248.0,0.080,0.280,0.350,153546752.0,1981349888.0,986697728.0,27750400.0,941502464.0,151363584.0,
8.718,1.026,90.256,0.0,0.0,0.0,0.0,0.0,0.070,0.280,0.340,153546752.0,1981349888.0,986910720.0,27750400.0,941510656.0,151142400.0,
7.035,1.508,91.457,0.0,0.0,0.0,0.0,274432.0,0.070,0.280,0.340,153546752.0,1981349888.0,986935296.0,27750400.0,941510656.0,151117824.0,
2.985,1.990,94.527,0.0,0.0,0.498,0.0,0.0,0.070,0.280,0.340,153546752.0,1981349888.0,987119616.0,27750400.0,941510656.0,150933504.0,
4.523,1.508,93.970,0.0,0.0,0.0,0.0,0.0,0.070,0.280,0.340,153546752.0,1981349888.0,986935296.0,27750400.0,941510656.0,151117824.0,
4.020,1.508,94.472,0.0,0.0,0.0,0.0,0.0,0.070,0.280,0.340,153546752.0,1981349888.0,987213824.0,27750400.0,941510656.0,150839296.0,
5.556,1.010,91.414,2.020,0.0,0.0,0.0,61440.0,0.070,0.270,0.340,153546752.0,1981349888.0,986951680.0,27758592.0,941510656.0,151093248.0,
2.030,1.523,96.447,0.0,0.0,0.0,0.0,28672.0,0.070,0.270,0.340,153546752.0,1981349888.0,986820608.0,27758592.0,941514752.0,151220224.0,
3.077,0.513,96.410,0.0,0.0,0.0,0.0,0.0,0.070,0.270,0.340,153546752.0,1981349888.0,986947584.0,27758592.0,941514752.0,151093248.0,
2.010,2.010,95.980,0.0,0.0,0.0,0.0,0.0,0.070,0.270,0.340,153546752.0,1981349888.0,986947584.0,27758592.0,941514752.0,151093248.0,
4.020,1.508,94.472,0.0,0.0,0.0,0.0,0.0,0.070,0.270,0.340,153546752.0,1981349888.0,986955776.0,27758592.0,941514752.0,151085056.0,
3.980,0.498,93.035,1.990,0.498,0.0,0.0,53248.0,0.060,0.270,0.340,153546752.0,1981349888.0,987082752.0,27766784.0,941506560.0,150958080.0,
4.040,1.515,94.444,0.0,0.0,0.0,0.0,0.0,0.060,0.270,0.340,153546752.0,1981349888.0,986947584.0,27766784.0,941514752.0,151085056.0,
2.525,1.010,95.960,0.0,0.0,0.505,0.0,0.0,0.060,0.270,0.340,153546752.0,1981349888.0,987074560.0,27766784.0,941514752.0,150958080.0,
4.545,1.010,94.444,0.0,0.0,0.0,0.0,0.0,0.060,0.270,0.340,153546752.0,1981349888.0,986853376.0,27766784.0,941514752.0,151179264.0,
10.101,1.010,88.889,0.0,0.0,0.0,0.0,0.0,0.060,0.270,0.340,153546752.0,1981349888.0,986853376.0,27766784.0,941514752.0,151179264.0,
3.046,1.015,95.939,0.0,0.0,0.0,0.0,0.0,0.060,0.270,0.340,153546752.0,1981349888.0,986853376.0,27766784.0,941514752.0,151179264.0,
2.525,1.515,93.939,2.020,0.0,0.0,0.0,417792.0,0.060,0.270,0.340,153546752.0,1981349888.0,987099136.0,27774976.0,941514752.0,150925312.0,
4.478,0.995,94.527,0.0,0.0,0.0,0.0,0.0,0.060,0.270,0.340,153546752.0,1981349888.0,987099136.0,27774976.0,941514752.0,150925312.0,
1.531,1.020,97.449,0.0,0.0,0.0,0.0,0.0,0.060,0.270,0.340,153546752.0,1981349888.0,987099136.0,27774976.0,941514752.0,150925312.0,
3.518,1.508,94.975,0.0,0.0,0.0,0.0,0.0,0.060,0.270,0.340,153546752.0,1981349888.0,986939392.0,27774976.0,941514752.0,151085056.0,
3.0,1.500,95.500,0.0,0.0,0.0,0.0,0.0,0.050,0.260,0.340,153546752.0,1981349888.0,986910720.0,27774976.0,941543424.0,151085056.0,
2.525,1.515,94.444,1.515,0.0,0.0,0.0,77824.0,0.050,0.260,0.340,153546752.0,1981349888.0,986902528.0,27783168.0,941543424.0,151085056.0,
3.061,0.0,96.429,0.0,0.0,0.510,0.0,0.0,0.050,0.260,0.340,153546752.0,1981349888.0,986869760.0,27783168.0,941543424.0,151117824.0,
5.528,1.005,93.467,0.0,0.0,0.0,0.0,0.0,0.050,0.260,0.340,153546752.0,1981349888.0,986742784.0,27783168.0,941543424.0,151244800.0,
4.0,1.500,94.500,0.0,0.0,0.0,0.0,0.0,0.050,0.260,0.340,153546752.0,1981349888.0,986775552.0,27783168.0,941543424.0,151212032.0,
4.020,2.010,93.970,0.0,0.0,0.0,0.0,0.0,0.050,0.260,0.330,153546752.0,1981349888.0,986918912.0,27783168.0,941543424.0,151068672.0,
2.020,1.010,95.455,1.010,0.0,0.505,0.0,49152.0,0.050,0.260,0.330,153546752.0,1981349888.0,986783744.0,27783168.0,941547520.0,151199744.0,
18.0,1.500,80.500,0.0,0.0,0.0,0.0,0.0,0.050,0.260,0.330,153546752.0,1981349888.0,986845184.0,27783168.0,941547520.0,151138304.0,
3.553,1.015,95.431,0.0,0.0,0.0,0.0,0.0,0.050,0.260,0.330,153546752.0,1981349888.0,986808320.0,27783168.0,941547520.0,151175168.0,
2.525,1.515,95.960,0.0,0.0,0.0,0.0,0.0,0.050,0.260,0.330,153546752.0,1981349888.0,986742784.0,27783168.0,941547520.0,151240704.0,
3.0,2.0,95.0,0.0,0.0,0.0,0.0,0.0,0.040,0.250,0.330,153546752.0,1981349888.0,986771456.0,27783168.0,941551616.0,151207936.0,
4.500,1.500,94.0,0.0,0.0,0.0,0.0,0.0,0.040,0.250,0.330,153546752.0,1981349888.0,986931200.0,27783168.0,941551616.0,151048192.0,
2.538,1.523,94.416,1.523,0.0,0.0,0.0,57344.0,0.040,0.250,0.330,153546752.0,1981349888.0,986677248.0,27787264.0,941551616.0,151298048.0,
3.0,2.500,94.500,0.0,0.0,0.0,0.0,0.0,0.040,0.250,0.330,153546752.0,1981349888.0,986677248.0,27787264.0,941551616.0,151298048.0,
4.0,1.500,94.500,0.0,0.0,0.0,0.0,0.0,0.040,0.250,0.330,153546752.0,1981349888.0,986804224.0,27787264.0,941551616.0,151171072.0,
4.040,0.505,95.455,0.0,0.0,0.0,0.0,0.0,0.040,0.250,0.330,153546752.0,1981349888.0,986800128.0,27787264.0,941551616.0,151175168.0,
3.980,1.493,94.527,0.0,0.0,0.0,0.0,0.0,0.040,0.250,0.330,153546752.0,1981349888.0,986791936.0,27787264.0,941551616.0,151183360.0,
4.082,0.510,94.898,0.510,0.0,0.0,0.0,57344.0,0.040,0.250,0.330,153546752.0,1981349888.0,987029504.0,27791360.0,941551616.0,150941696.0,
2.513,1.508,95.980,0.0,0.0,0.0,0.0,0.0,0.040,0.250,0.330,153546752.0,1981349888.0,986742784.0,27791360.0,941551616.0,151228416.0,
2.030,1.523,96.447,0.0,0.0,0.0,0.0,0.0,0.040,0.250,0.330,153546752.0,1981349888.0,986742784.0,27791360.0,941551616.0,151228416.0,
3.500,1.500,95.0,0.0,0.0,0.0,0.0,0.0,0.040,0.240,0.330,153546752.0,1981349888.0,986742784.0,27791360.0,941551616.0,151228416.0,
4.878,2.439,92.683,0.0,0.0,0.0,0.0,0.0,0.040,0.240,0.330,153546752.0,1981349888.0,986775552.0,27791360.0,941551616.0,151195648.0,
1.546,0.515,96.907,1.031,0.0,0.0,0.0,53248.0,0.040,0.240,0.330,153546752.0,1981349888.0,987082752.0,27799552.0,941547520.0,150884352.0,
3.535,1.515,94.949,0.0,0.0,0.0,0.0,0.0,0.040,0.240,0.330,153546752.0,1981349888.0,986857472.0,27799552.0,941555712.0,151101440.0,
5.0,2.0,93.0,0.0,0.0,0.0,0.0,0.0,0.040,0.240,0.330,153546752.0,1981349888.0,986857472.0,27799552.0,941555712.0,151101440.0,
3.061,0.510,96.429,0.0,0.0,0.0,0.0,0.0,0.030,0.240,0.330,153546752.0,1981349888.0,986857472.0,27799552.0,941555712.0,151101440.0,
3.0,1.500,95.500,0.0,0.0,0.0,0.0,69632.0,0.030,0.240,0.330,153546752.0,1981349888.0,986718208.0,27799552.0,941559808.0,151236608.0,
4.569,0.508,94.924,0.0,0.0,0.0,0.0,0.0,0.030,0.240,0.330,153546752.0,1981349888.0,986718208.0,27799552.0,941559808.0,151236608.0,
4.040,1.010,93.434,1.515,0.0,0.0,0.0,65536.0,0.030,0.240,0.330,153546752.0,1981349888.0,986890240.0,27807744.0,941559808.0,151056384.0,
4.545,1.515,93.939,0.0,0.0,0.0,0.0,0.0,0.030,0.240,0.330,153546752.0,1981349888.0,986607616.0,27807744.0,941559808.0,151339008.0,
2.010,1.508,96.482,0.0,0.0,0.0,0.0,0.0,0.110,0.250,0.330,153546752.0,1981349888.0,986607616.0,27807744.0,941559808.0,151339008.0,
7.353,2.451,90.196,0.0,0.0,0.0,0.0,0.0,0.110,0.250,0.330,153546752.0,1981349888.0,986607616.0,27807744.0,941559808.0,151339008.0,
8.673,2.551,88.776,0.0,0.0,0.0,0.0,323584.0,0.110,0.250,0.330,153546752.0,1981349888.0,986578944.0,27811840.0,941568000.0,151355392.0,
3.571,1.020,93.878,1.531,0.0,0.0,0.0,118784.0,0.110,0.250,0.330,153546752.0,1981349888.0,986603520.0,27820032.0,941568000.0,151322624.0,
3.941,2.956,91.133,1.478,0.0,0.493,0.0,0.0,0.110,0.250,0.330,153546752.0,1981349888.0,986787840.0,27820032.0,941568000.0,151138304.0,
11.111,1.515,80.303,7.071,0.0,0.0,0.0,0.0,0.180,0.270,0.330,153546752.0,1981349888.0,986738688.0,27820032.0,941568000.0,151187456.0,
9.596,2.525,87.879,0.0,0.0,0.0,0.0,0.0,0.180,0.270,0.330,153546752.0,1981349888.0,987000832.0,27820032.0,941625344.0,150867968.0,
4.040,0.505,95.455,0.0,0.0,0.0,0.0,0.0,0.180,0.270,0.330,153546752.0,1981349888.0,986746880.0,27820032.0,941625344.0,151121920.0,
3.500,1.0,94.0,1.500,0.0,0.0,0.0,90112.0,0.180,0.270,0.330,153546752.0,1981349888.0,986767360.0,27828224.0,941621248.0,151097344.0,
3.518,2.010,94.472,0.0,0.0,0.0,0.0,0.0,0.180,0.270,0.330,153546752.0,1981349888.0,986959872.0,27828224.0,941625344.0,150900736.0,
2.030,1.523,96.447,0.0,0.0,0.0,0.0,0.0,0.170,0.260,0.330,153546752.0,1981349888.0,986959872.0,27828224.0,941625344.0,150900736.0,
4.020,1.005,94.975,0.0,0.0,0.0,0.0,0.0,0.170,0.260,0.330,153546752.0,1981349888.0,986808320.0,27828224.0,941629440.0,151048192.0,
1.531,1.531,95.918,1.020,0.0,0.0,0.0,495616.0,0.170,0.260,0.330,153546752.0,1981349888.0,986759168.0,27828224.0,941629440.0,151097344.0,
47.692,3.077,48.718,0.0,0.0,0.513,4096.0,0.0,0.170,0.260,0.330,153546752.0,1981349888.0,986550272.0,27828224.0,941674496.0,151261184.0,
61.111,6.061,21.717,9.596,0.0,1.515,499712.0,90112.0,0.170,0.260,0.330,153546752.0,1981349888.0,1012994048.0,27836416.0,920772608.0,145711104.0,
69.849,10.050,5.025,11.558,0.0,3.518,819200.0,0.0,0.310,0.290,0.340,153546752.0,1981349888.0,1031430144.0,27836416.0,900546560.0,147501056.0,
65.979,12.887,5.670,13.402,0.0,2.062,757760.0,0.0,0.310,0.290,0.340,153546752.0,1981349888.0,1069531136.0,27836416.0,863350784.0,146595840.0,
34.328,4.478,58.706,1.493,0.0,0.995,102400.0,0.0,0.310,0.290,0.340,153546752.0,1981349888.0,1087840256.0,27836416.0,841424896.0,150212608.0,
61.735,6.633,27.551,0.0,0.0,4.082,0.0,0.0,0.310,0.290,0.340,153546752.0,1981349888.0,1097863168.0,27836416.0,833122304.0,148492288.0,
16.583,3.015,78.392,2.010,0.0,0.0,0.0,57344.0,0.310,0.290,0.340,153546752.0,1981349888.0,1105244160.0,27840512.0,824754176.0,149475328.0,
6.667,2.564,90.256,0.0,0.0,0.513,0.0,0.0,0.450,0.320,0.350,153546752.0,1981349888.0,1105666048.0,27840512.0,824705024.0,149102592.0,
23.077,2.564,72.308,0.0,0.0,2.051,0.0,0.0,0.450,0.320,0.350,153546752.0,1981349888.0,1105661952.0,27840512.0,824705024.0,149106688.0,
49.223,5.181,42.487,0.0,0.0,3.109,0.0,0.0,0.450,0.320,0.350,153546752.0,1981349888.0,1106837504.0,27840512.0,824705024.0,147931136.0,
40.415,1.554,54.922,3.109,0.0,0.0,147456.0,0.0,0.450,0.320,0.350,153546752.0,1981349888.0,1107931136.0,27975680.0,824745984.0,146661376.0,
20.0,3.0,62.0,14.500,0.0,0.500,798720.0,98304.0,0.450,0.320,0.350,153546752.0,1981349888.0,1110020096.0,27979776.0,825573376.0,143740928.0,
22.564,4.615,49.231,23.590,0.0,0.0,1286144.0,0.0,0.490,0.330,0.350,153546752.0,1981349888.0,1113354240.0,27979776.0,826810368.0,139169792.0,
57.711,2.488,31.841,7.463,0.0,0.498,352256.0,0.0,0.490,0.330,0.350,153546752.0,1981349888.0,1124274176.0,27979776.0,827191296.0,127868928.0,
58.416,0.990,39.604,0.990,0.0,0.0,0.0,413696.0,0.490,0.330,0.350,153546752.0,1981349888.0,1125158912.0,27983872.0,827191296.0,126980096.0,
30.808,4.545,62.626,2.020,0.0,0.0,131072.0,77824.0,0.490,0.330,0.350,153546752.0,1981349888.0,704536576.0,27983872.0,827043840.0,547749888.0,
11.735,1.020,85.714,1.020,0.0,0.510,0.0,184320.0,0.490,0.330,0.350,153546752.0,1981349888.0,704483328.0,27996160.0,826961920.0,547872768.0,
