Using Spark's default log4j profile: org/apache/spark/log4j-defaults.properties
15/06/13 15:34:55 INFO SparkContext: Running Spark version 1.3.1
15/06/13 15:34:56 WARN NativeCodeLoader: Unable to load native-hadoop library for your platform... using builtin-java classes where applicable
15/06/13 15:34:57 INFO SecurityManager: Changing view acls to: daniel
15/06/13 15:34:57 INFO SecurityManager: Changing modify acls to: daniel
15/06/13 15:34:57 INFO SecurityManager: SecurityManager: authentication disabled; ui acls disabled; users with view permissions: Set(daniel); users with modify permissions: Set(daniel)
15/06/13 15:34:58 INFO Slf4jLogger: Slf4jLogger started
15/06/13 15:34:58 INFO Remoting: Starting remoting
15/06/13 15:34:58 INFO Remoting: Remoting started; listening on addresses :[akka.tcp://sparkDriver@dell01:35988]
15/06/13 15:34:58 INFO Utils: Successfully started service 'sparkDriver' on port 35988.
15/06/13 15:34:58 INFO SparkEnv: Registering MapOutputTracker
15/06/13 15:34:58 INFO SparkEnv: Registering BlockManagerMaster
15/06/13 15:34:58 INFO DiskBlockManager: Created local directory at /tmp/spark-11a4d8a3-4e87-4e84-9069-6dc6d6cc3fe6/blockmgr-b9d8c8cb-45e8-4e74-bcbf-9147b15de66a
15/06/13 15:34:58 INFO MemoryStore: MemoryStore started with capacity 198.7 MB
15/06/13 15:34:58 INFO HttpFileServer: HTTP File server directory is /tmp/spark-01231bb3-d7f1-4e8c-ac56-6f198a0aa14f/httpd-95e88e98-2723-405c-966e-a88b33e6b510
15/06/13 15:34:58 INFO HttpServer: Starting HTTP Server
15/06/13 15:34:58 INFO Server: jetty-8.y.z-SNAPSHOT
15/06/13 15:34:59 INFO AbstractConnector: Started SocketConnector@0.0.0.0:42076
15/06/13 15:34:59 INFO Utils: Successfully started service 'HTTP file server' on port 42076.
15/06/13 15:34:59 INFO SparkEnv: Registering OutputCommitCoordinator
15/06/13 15:34:59 INFO Server: jetty-8.y.z-SNAPSHOT
15/06/13 15:34:59 INFO AbstractConnector: Started SelectChannelConnector@0.0.0.0:4040
15/06/13 15:34:59 INFO Utils: Successfully started service 'SparkUI' on port 4040.
15/06/13 15:34:59 INFO SparkUI: Started SparkUI at http://dell01:4040
15/06/13 15:34:59 INFO SparkContext: Added JAR file:/home/daniel/autobuilds/model_builder/target/scala-2.10/model-builder_2.10-1.0.jar at http://192.168.1.5:42076/jars/model-builder_2.10-1.0.jar with timestamp 1434234899808
15/06/13 15:35:00 INFO AppClient$ClientActor: Connecting to master akka.tcp://sparkMaster@192.168.1.5:7077/user/Master...
15/06/13 15:35:00 INFO SparkDeploySchedulerBackend: Connected to Spark cluster with app ID app-20150613153500-0001
15/06/13 15:35:00 INFO AppClient$ClientActor: Executor added: app-20150613153500-0001/0 on worker-20150613152315-pi03-33130 (pi03:33130) with 4 cores
15/06/13 15:35:00 INFO SparkDeploySchedulerBackend: Granted executor ID app-20150613153500-0001/0 on hostPort pi03:33130 with 4 cores, 384.0 MB RAM
15/06/13 15:35:00 INFO AppClient$ClientActor: Executor added: app-20150613153500-0001/1 on worker-20150613152315-pi02-35962 (pi02:35962) with 4 cores
15/06/13 15:35:00 INFO SparkDeploySchedulerBackend: Granted executor ID app-20150613153500-0001/1 on hostPort pi02:35962 with 4 cores, 384.0 MB RAM
15/06/13 15:35:00 INFO AppClient$ClientActor: Executor added: app-20150613153500-0001/2 on worker-20150613152316-pi01-49621 (pi01:49621) with 4 cores
15/06/13 15:35:00 INFO SparkDeploySchedulerBackend: Granted executor ID app-20150613153500-0001/2 on hostPort pi01:49621 with 4 cores, 384.0 MB RAM
15/06/13 15:35:00 INFO AppClient$ClientActor: Executor added: app-20150613153500-0001/3 on worker-20150613152315-pi00-42872 (pi00:42872) with 4 cores
15/06/13 15:35:00 INFO SparkDeploySchedulerBackend: Granted executor ID app-20150613153500-0001/3 on hostPort pi00:42872 with 4 cores, 384.0 MB RAM
15/06/13 15:35:00 INFO AppClient$ClientActor: Executor updated: app-20150613153500-0001/0 is now LOADING
15/06/13 15:35:00 INFO AppClient$ClientActor: Executor updated: app-20150613153500-0001/1 is now LOADING
15/06/13 15:35:00 INFO AppClient$ClientActor: Executor updated: app-20150613153500-0001/3 is now LOADING
15/06/13 15:35:00 INFO AppClient$ClientActor: Executor updated: app-20150613153500-0001/2 is now LOADING
15/06/13 15:35:00 INFO AppClient$ClientActor: Executor updated: app-20150613153500-0001/0 is now RUNNING
15/06/13 15:35:00 INFO AppClient$ClientActor: Executor updated: app-20150613153500-0001/1 is now RUNNING
15/06/13 15:35:00 INFO AppClient$ClientActor: Executor updated: app-20150613153500-0001/2 is now RUNNING
15/06/13 15:35:00 INFO AppClient$ClientActor: Executor updated: app-20150613153500-0001/3 is now RUNNING
15/06/13 15:35:01 INFO NettyBlockTransferService: Server created on 33849
15/06/13 15:35:01 INFO BlockManagerMaster: Trying to register BlockManager
15/06/13 15:35:01 INFO BlockManagerMasterActor: Registering block manager dell01:33849 with 198.7 MB RAM, BlockManagerId(<driver>, dell01, 33849)
15/06/13 15:35:01 INFO BlockManagerMaster: Registered BlockManager
15/06/13 15:35:01 INFO EventLoggingListener: Logging events to file:///tmp/app-20150613153500-0001
15/06/13 15:35:01 INFO SparkDeploySchedulerBackend: SchedulerBackend is ready for scheduling beginning after reached minRegisteredResourcesRatio: 0.0
15/06/13 15:35:02 WARN SizeEstimator: Failed to check whether UseCompressedOops is set; assuming yes
15/06/13 15:35:02 INFO MemoryStore: ensureFreeSpace(244319) called with curMem=0, maxMem=208373022
15/06/13 15:35:02 INFO MemoryStore: Block broadcast_0 stored as values in memory (estimated size 238.6 KB, free 198.5 MB)
15/06/13 15:35:02 INFO MemoryStore: ensureFreeSpace(36168) called with curMem=244319, maxMem=208373022
15/06/13 15:35:02 INFO MemoryStore: Block broadcast_0_piece0 stored as bytes in memory (estimated size 35.3 KB, free 198.5 MB)
15/06/13 15:35:02 INFO BlockManagerInfo: Added broadcast_0_piece0 in memory on dell01:33849 (size: 35.3 KB, free: 198.7 MB)
15/06/13 15:35:02 INFO BlockManagerMaster: Updated info of block broadcast_0_piece0
15/06/13 15:35:02 INFO SparkContext: Created broadcast 0 from textFile at ModelBuilder.scala:70
15/06/13 15:35:03 INFO FileInputFormat: Total input paths to process : 1
15/06/13 15:35:04 INFO SparkContext: Starting job: treeAggregate at IDF.scala:53
15/06/13 15:35:04 INFO DAGScheduler: Registering RDD 6 (treeAggregate at IDF.scala:53)
15/06/13 15:35:04 INFO DAGScheduler: Got job 0 (treeAggregate at IDF.scala:53) with 6 output partitions (allowLocal=false)
15/06/13 15:35:04 INFO DAGScheduler: Final stage: Stage 1(treeAggregate at IDF.scala:53)
15/06/13 15:35:04 INFO DAGScheduler: Parents of final stage: List(Stage 0)
15/06/13 15:35:04 INFO DAGScheduler: Missing parents: List(Stage 0)
15/06/13 15:35:04 INFO DAGScheduler: Submitting Stage 0 (MapPartitionsRDD[6] at treeAggregate at IDF.scala:53), which has no missing parents
15/06/13 15:35:04 INFO MemoryStore: ensureFreeSpace(4760) called with curMem=280487, maxMem=208373022
15/06/13 15:35:04 INFO MemoryStore: Block broadcast_1 stored as values in memory (estimated size 4.6 KB, free 198.4 MB)
15/06/13 15:35:04 INFO MemoryStore: ensureFreeSpace(3233) called with curMem=285247, maxMem=208373022
15/06/13 15:35:04 INFO MemoryStore: Block broadcast_1_piece0 stored as bytes in memory (estimated size 3.2 KB, free 198.4 MB)
15/06/13 15:35:04 INFO BlockManagerInfo: Added broadcast_1_piece0 in memory on dell01:33849 (size: 3.2 KB, free: 198.7 MB)
15/06/13 15:35:04 INFO BlockManagerMaster: Updated info of block broadcast_1_piece0
15/06/13 15:35:04 INFO SparkContext: Created broadcast 1 from broadcast at DAGScheduler.scala:839
15/06/13 15:35:04 INFO DAGScheduler: Submitting 46 missing tasks from Stage 0 (MapPartitionsRDD[6] at treeAggregate at IDF.scala:53)
15/06/13 15:35:04 INFO TaskSchedulerImpl: Adding task set 0.0 with 46 tasks
15/06/13 15:35:17 INFO SparkDeploySchedulerBackend: Registered executor: Actor[akka.tcp://sparkExecutor@pi02:39882/user/Executor#1386597901] with ID 1
15/06/13 15:35:17 INFO TaskSetManager: Starting task 0.0 in stage 0.0 (TID 0, pi02, NODE_LOCAL, 1376 bytes)
15/06/13 15:35:17 INFO TaskSetManager: Starting task 2.0 in stage 0.0 (TID 1, pi02, NODE_LOCAL, 1376 bytes)
15/06/13 15:35:17 INFO TaskSetManager: Starting task 4.0 in stage 0.0 (TID 2, pi02, NODE_LOCAL, 1376 bytes)
15/06/13 15:35:17 INFO TaskSetManager: Starting task 5.0 in stage 0.0 (TID 3, pi02, NODE_LOCAL, 1376 bytes)
15/06/13 15:35:17 INFO SparkDeploySchedulerBackend: Registered executor: Actor[akka.tcp://sparkExecutor@pi03:53871/user/Executor#1776330451] with ID 0
15/06/13 15:35:17 INFO TaskSetManager: Starting task 1.0 in stage 0.0 (TID 4, pi03, NODE_LOCAL, 1376 bytes)
15/06/13 15:35:17 INFO TaskSetManager: Starting task 3.0 in stage 0.0 (TID 5, pi03, NODE_LOCAL, 1376 bytes)
15/06/13 15:35:17 INFO TaskSetManager: Starting task 6.0 in stage 0.0 (TID 6, pi03, NODE_LOCAL, 1376 bytes)
15/06/13 15:35:17 INFO TaskSetManager: Starting task 7.0 in stage 0.0 (TID 7, pi03, NODE_LOCAL, 1376 bytes)
15/06/13 15:35:17 INFO SparkDeploySchedulerBackend: Registered executor: Actor[akka.tcp://sparkExecutor@pi00:49437/user/Executor#1300054082] with ID 3
15/06/13 15:35:17 INFO TaskSetManager: Starting task 9.0 in stage 0.0 (TID 8, pi00, NODE_LOCAL, 1376 bytes)
15/06/13 15:35:17 INFO TaskSetManager: Starting task 10.0 in stage 0.0 (TID 9, pi00, NODE_LOCAL, 1376 bytes)
15/06/13 15:35:17 INFO TaskSetManager: Starting task 11.0 in stage 0.0 (TID 10, pi00, NODE_LOCAL, 1376 bytes)
15/06/13 15:35:17 INFO TaskSetManager: Starting task 12.0 in stage 0.0 (TID 11, pi00, NODE_LOCAL, 1376 bytes)
15/06/13 15:35:17 INFO SparkDeploySchedulerBackend: Registered executor: Actor[akka.tcp://sparkExecutor@pi01:60228/user/Executor#-32935233] with ID 2
15/06/13 15:35:17 INFO TaskSetManager: Starting task 8.0 in stage 0.0 (TID 12, pi01, NODE_LOCAL, 1376 bytes)
15/06/13 15:35:17 INFO TaskSetManager: Starting task 13.0 in stage 0.0 (TID 13, pi01, NODE_LOCAL, 1376 bytes)
15/06/13 15:35:17 INFO TaskSetManager: Starting task 14.0 in stage 0.0 (TID 14, pi01, NODE_LOCAL, 1376 bytes)
15/06/13 15:35:17 INFO TaskSetManager: Starting task 15.0 in stage 0.0 (TID 15, pi01, NODE_LOCAL, 1376 bytes)
15/06/13 15:35:18 INFO BlockManagerMasterActor: Registering block manager pi02:50206 with 200.5 MB RAM, BlockManagerId(1, pi02, 50206)
15/06/13 15:35:18 INFO BlockManagerMasterActor: Registering block manager pi03:56280 with 200.5 MB RAM, BlockManagerId(0, pi03, 56280)
15/06/13 15:35:18 INFO BlockManagerMasterActor: Registering block manager pi00:48034 with 200.5 MB RAM, BlockManagerId(3, pi00, 48034)
15/06/13 15:35:18 INFO BlockManagerMasterActor: Registering block manager pi01:44293 with 200.5 MB RAM, BlockManagerId(2, pi01, 44293)
15/06/13 15:35:20 INFO BlockManagerInfo: Added broadcast_1_piece0 in memory on pi02:50206 (size: 3.2 KB, free: 200.5 MB)
15/06/13 15:35:20 INFO BlockManagerInfo: Added broadcast_1_piece0 in memory on pi00:48034 (size: 3.2 KB, free: 200.5 MB)
15/06/13 15:35:20 INFO BlockManagerInfo: Added broadcast_1_piece0 in memory on pi01:44293 (size: 3.2 KB, free: 200.5 MB)
15/06/13 15:35:20 INFO BlockManagerInfo: Added broadcast_1_piece0 in memory on pi03:56280 (size: 3.2 KB, free: 200.5 MB)
15/06/13 15:35:21 INFO BlockManagerInfo: Added broadcast_0_piece0 in memory on pi02:50206 (size: 35.3 KB, free: 200.4 MB)
15/06/13 15:35:21 INFO BlockManagerInfo: Added broadcast_0_piece0 in memory on pi01:44293 (size: 35.3 KB, free: 200.4 MB)
15/06/13 15:35:22 INFO BlockManagerInfo: Added broadcast_0_piece0 in memory on pi00:48034 (size: 35.3 KB, free: 200.4 MB)
15/06/13 15:35:23 INFO BlockManagerInfo: Added broadcast_0_piece0 in memory on pi03:56280 (size: 35.3 KB, free: 200.4 MB)
15/06/13 15:36:17 INFO BlockManagerInfo: Added rdd_4_13 in memory on pi01:44293 (size: 20.2 MB, free: 180.3 MB)
15/06/13 15:36:17 INFO BlockManagerInfo: Added rdd_4_15 in memory on pi01:44293 (size: 25.8 MB, free: 154.5 MB)
15/06/13 15:36:17 INFO BlockManagerInfo: Added rdd_4_0 in memory on pi02:50206 (size: 20.7 MB, free: 179.7 MB)
15/06/13 15:36:18 INFO BlockManagerInfo: Added rdd_4_9 in memory on pi00:48034 (size: 18.0 MB, free: 182.5 MB)
15/06/13 15:36:18 INFO BlockManagerInfo: Added rdd_4_5 in memory on pi02:50206 (size: 24.2 MB, free: 155.5 MB)
15/06/13 15:36:18 INFO BlockManagerInfo: Added rdd_4_8 in memory on pi01:44293 (size: 22.8 MB, free: 131.7 MB)
15/06/13 15:36:18 INFO BlockManagerInfo: Added rdd_4_14 in memory on pi01:44293 (size: 25.8 MB, free: 105.9 MB)
15/06/13 15:36:18 INFO BlockManagerInfo: Added rdd_4_12 in memory on pi00:48034 (size: 23.1 MB, free: 159.4 MB)
15/06/13 15:36:18 INFO BlockManagerInfo: Added rdd_4_11 in memory on pi00:48034 (size: 22.8 MB, free: 136.6 MB)
15/06/13 15:36:18 INFO BlockManagerInfo: Added rdd_4_2 in memory on pi02:50206 (size: 18.2 MB, free: 137.3 MB)
15/06/13 15:36:19 INFO BlockManagerInfo: Added rdd_4_4 in memory on pi02:50206 (size: 21.8 MB, free: 115.5 MB)
15/06/13 15:36:19 INFO BlockManagerInfo: Added rdd_4_10 in memory on pi00:48034 (size: 22.8 MB, free: 113.8 MB)
15/06/13 15:36:21 INFO TaskSetManager: Starting task 16.0 in stage 0.0 (TID 16, pi01, NODE_LOCAL, 1376 bytes)
15/06/13 15:36:21 INFO TaskSetManager: Starting task 17.0 in stage 0.0 (TID 17, pi01, NODE_LOCAL, 1376 bytes)
15/06/13 15:36:21 INFO TaskSetManager: Starting task 19.0 in stage 0.0 (TID 18, pi01, NODE_LOCAL, 1376 bytes)
15/06/13 15:36:21 INFO TaskSetManager: Starting task 20.0 in stage 0.0 (TID 19, pi01, NODE_LOCAL, 1376 bytes)
15/06/13 15:36:21 INFO TaskSetManager: Finished task 15.0 in stage 0.0 (TID 15) in 64121 ms on pi01 (1/46)
15/06/13 15:36:21 INFO TaskSetManager: Finished task 8.0 in stage 0.0 (TID 12) in 64156 ms on pi01 (2/46)
15/06/13 15:36:21 INFO TaskSetManager: Finished task 13.0 in stage 0.0 (TID 13) in 64154 ms on pi01 (3/46)
15/06/13 15:36:21 INFO TaskSetManager: Finished task 14.0 in stage 0.0 (TID 14) in 64154 ms on pi01 (4/46)
15/06/13 15:36:21 INFO TaskSetManager: Starting task 18.0 in stage 0.0 (TID 20, pi02, NODE_LOCAL, 1376 bytes)
15/06/13 15:36:21 INFO TaskSetManager: Starting task 21.0 in stage 0.0 (TID 21, pi02, NODE_LOCAL, 1376 bytes)
15/06/13 15:36:21 INFO TaskSetManager: Starting task 22.0 in stage 0.0 (TID 22, pi02, NODE_LOCAL, 1376 bytes)
15/06/13 15:36:21 INFO TaskSetManager: Finished task 5.0 in stage 0.0 (TID 3) in 64430 ms on pi02 (5/46)
15/06/13 15:36:21 INFO TaskSetManager: Finished task 0.0 in stage 0.0 (TID 0) in 64460 ms on pi02 (6/46)
15/06/13 15:36:21 INFO TaskSetManager: Finished task 4.0 in stage 0.0 (TID 2) in 64434 ms on pi02 (7/46)
15/06/13 15:36:21 INFO TaskSetManager: Starting task 23.0 in stage 0.0 (TID 23, pi02, NODE_LOCAL, 1376 bytes)
15/06/13 15:36:21 INFO TaskSetManager: Finished task 2.0 in stage 0.0 (TID 1) in 64448 ms on pi02 (8/46)
15/06/13 15:36:22 INFO BlockManagerInfo: Added rdd_4_3 in memory on pi03:56280 (size: 23.6 MB, free: 176.9 MB)
15/06/13 15:36:22 INFO BlockManagerInfo: Added rdd_4_7 in memory on pi03:56280 (size: 21.6 MB, free: 155.3 MB)
15/06/13 15:36:22 INFO BlockManagerInfo: Added rdd_4_6 in memory on pi03:56280 (size: 22.0 MB, free: 133.3 MB)
15/06/13 15:36:22 INFO BlockManagerInfo: Added rdd_4_1 in memory on pi03:56280 (size: 29.7 MB, free: 103.6 MB)
15/06/13 15:36:22 INFO TaskSetManager: Starting task 24.0 in stage 0.0 (TID 24, pi00, NODE_LOCAL, 1376 bytes)
15/06/13 15:36:22 INFO TaskSetManager: Finished task 10.0 in stage 0.0 (TID 9) in 65323 ms on pi00 (9/46)
15/06/13 15:36:22 INFO TaskSetManager: Starting task 25.0 in stage 0.0 (TID 25, pi00, NODE_LOCAL, 1376 bytes)
15/06/13 15:36:22 INFO TaskSetManager: Starting task 26.0 in stage 0.0 (TID 26, pi00, NODE_LOCAL, 1376 bytes)
15/06/13 15:36:22 INFO TaskSetManager: Starting task 27.0 in stage 0.0 (TID 27, pi00, NODE_LOCAL, 1376 bytes)
15/06/13 15:36:22 INFO TaskSetManager: Finished task 11.0 in stage 0.0 (TID 10) in 65346 ms on pi00 (10/46)
15/06/13 15:36:22 INFO TaskSetManager: Finished task 9.0 in stage 0.0 (TID 8) in 65353 ms on pi00 (11/46)
15/06/13 15:36:22 INFO TaskSetManager: Finished task 12.0 in stage 0.0 (TID 11) in 65349 ms on pi00 (12/46)
15/06/13 15:36:26 INFO TaskSetManager: Starting task 28.0 in stage 0.0 (TID 28, pi03, NODE_LOCAL, 1376 bytes)
15/06/13 15:36:26 INFO TaskSetManager: Starting task 30.0 in stage 0.0 (TID 29, pi03, NODE_LOCAL, 1376 bytes)
15/06/13 15:36:26 INFO TaskSetManager: Finished task 6.0 in stage 0.0 (TID 6) in 68725 ms on pi03 (13/46)
15/06/13 15:36:26 INFO TaskSetManager: Finished task 1.0 in stage 0.0 (TID 4) in 68733 ms on pi03 (14/46)
15/06/13 15:36:26 INFO TaskSetManager: Starting task 32.0 in stage 0.0 (TID 30, pi03, NODE_LOCAL, 1376 bytes)
15/06/13 15:36:26 INFO TaskSetManager: Starting task 33.0 in stage 0.0 (TID 31, pi03, NODE_LOCAL, 1376 bytes)
15/06/13 15:36:26 INFO TaskSetManager: Finished task 3.0 in stage 0.0 (TID 5) in 68741 ms on pi03 (15/46)
15/06/13 15:36:26 INFO TaskSetManager: Finished task 7.0 in stage 0.0 (TID 7) in 68739 ms on pi03 (16/46)
15/06/13 15:37:13 INFO BlockManagerInfo: Added rdd_4_19 in memory on pi01:44293 (size: 19.2 MB, free: 86.7 MB)
15/06/13 15:37:13 INFO BlockManagerInfo: Added rdd_4_16 in memory on pi01:44293 (size: 22.1 MB, free: 64.6 MB)
15/06/13 15:37:14 INFO BlockManagerInfo: Added rdd_4_18 in memory on pi02:50206 (size: 18.3 MB, free: 97.2 MB)
15/06/13 15:37:14 INFO BlockManagerInfo: Added rdd_4_23 in memory on pi02:50206 (size: 22.2 MB, free: 75.0 MB)
15/06/13 15:37:14 INFO BlockManagerInfo: Added rdd_4_21 in memory on pi02:50206 (size: 23.1 MB, free: 51.8 MB)
15/06/13 15:37:14 INFO TaskSetManager: Starting task 29.0 in stage 0.0 (TID 32, pi01, NODE_LOCAL, 1376 bytes)
15/06/13 15:37:14 INFO TaskSetManager: Finished task 19.0 in stage 0.0 (TID 18) in 53146 ms on pi01 (17/46)
15/06/13 15:37:14 INFO TaskSetManager: Starting task 31.0 in stage 0.0 (TID 33, pi01, NODE_LOCAL, 1376 bytes)
15/06/13 15:37:14 INFO TaskSetManager: Finished task 16.0 in stage 0.0 (TID 16) in 53229 ms on pi01 (18/46)
15/06/13 15:37:14 INFO BlockManagerInfo: Added rdd_4_27 in memory on pi00:48034 (size: 24.7 MB, free: 89.1 MB)
15/06/13 15:37:15 INFO TaskSetManager: Starting task 36.0 in stage 0.0 (TID 34, pi00, NODE_LOCAL, 1376 bytes)
15/06/13 15:37:15 INFO TaskSetManager: Finished task 26.0 in stage 0.0 (TID 26) in 52817 ms on pi00 (19/46)
15/06/13 15:37:15 INFO TaskSetManager: Finished task 20.0 in stage 0.0 (TID 19) in 54038 ms on pi01 (20/46)
15/06/13 15:37:15 INFO TaskSetManager: Starting task 34.0 in stage 0.0 (TID 35, pi01, NODE_LOCAL, 1376 bytes)
15/06/13 15:37:15 INFO TaskSetManager: Starting task 35.0 in stage 0.0 (TID 36, pi01, NODE_LOCAL, 1376 bytes)
15/06/13 15:37:15 INFO TaskSetManager: Finished task 17.0 in stage 0.0 (TID 17) in 54188 ms on pi01 (21/46)
15/06/13 15:37:15 INFO BlockManagerInfo: Added rdd_4_24 in memory on pi00:48034 (size: 25.2 MB, free: 64.0 MB)
15/06/13 15:37:15 INFO TaskSetManager: Starting task 37.0 in stage 0.0 (TID 37, pi00, NODE_LOCAL, 1376 bytes)
15/06/13 15:37:15 INFO TaskSetManager: Finished task 27.0 in stage 0.0 (TID 27) in 53165 ms on pi00 (22/46)
15/06/13 15:37:16 INFO BlockManagerInfo: Added rdd_4_25 in memory on pi00:48034 (size: 19.8 MB, free: 44.1 MB)
15/06/13 15:37:16 INFO TaskSetManager: Starting task 38.0 in stage 0.0 (TID 38, pi02, NODE_LOCAL, 1376 bytes)
15/06/13 15:37:16 INFO TaskSetManager: Finished task 23.0 in stage 0.0 (TID 23) in 54905 ms on pi02 (23/46)
15/06/13 15:37:16 INFO TaskSetManager: Starting task 40.0 in stage 0.0 (TID 39, pi02, NODE_LOCAL, 1376 bytes)
15/06/13 15:37:16 INFO TaskSetManager: Finished task 18.0 in stage 0.0 (TID 20) in 54943 ms on pi02 (24/46)
15/06/13 15:37:16 INFO TaskSetManager: Starting task 41.0 in stage 0.0 (TID 40, pi02, NODE_LOCAL, 1376 bytes)
15/06/13 15:37:16 INFO TaskSetManager: Finished task 21.0 in stage 0.0 (TID 21) in 55057 ms on pi02 (25/46)
15/06/13 15:37:16 INFO TaskSetManager: Starting task 39.0 in stage 0.0 (TID 41, pi00, NODE_LOCAL, 1376 bytes)
15/06/13 15:37:16 INFO TaskSetManager: Finished task 24.0 in stage 0.0 (TID 24) in 54189 ms on pi00 (26/46)
15/06/13 15:37:17 INFO TaskSetManager: Starting task 42.0 in stage 0.0 (TID 42, pi02, NODE_LOCAL, 1376 bytes)
15/06/13 15:37:17 INFO TaskSetManager: Finished task 22.0 in stage 0.0 (TID 22) in 55352 ms on pi02 (27/46)
15/06/13 15:37:17 INFO TaskSetManager: Starting task 44.0 in stage 0.0 (TID 43, pi00, NODE_LOCAL, 1376 bytes)
15/06/13 15:37:17 INFO TaskSetManager: Finished task 25.0 in stage 0.0 (TID 25) in 54465 ms on pi00 (28/46)
15/06/13 15:37:20 INFO BlockManagerInfo: Added rdd_4_32 in memory on pi03:56280 (size: 20.1 MB, free: 83.5 MB)
15/06/13 15:37:20 INFO BlockManagerInfo: Added rdd_4_28 in memory on pi03:56280 (size: 20.7 MB, free: 62.8 MB)
15/06/13 15:37:20 INFO TaskSetManager: Starting task 43.0 in stage 0.0 (TID 44, pi03, NODE_LOCAL, 1376 bytes)
15/06/13 15:37:20 INFO TaskSetManager: Finished task 33.0 in stage 0.0 (TID 31) in 54589 ms on pi03 (29/46)
15/06/13 15:37:21 INFO TaskSetManager: Starting task 45.0 in stage 0.0 (TID 45, pi03, NODE_LOCAL, 1376 bytes)
15/06/13 15:37:21 INFO TaskSetManager: Finished task 32.0 in stage 0.0 (TID 30) in 55270 ms on pi03 (30/46)
15/06/13 15:37:21 INFO TaskSetManager: Finished task 28.0 in stage 0.0 (TID 28) in 55322 ms on pi03 (31/46)
15/06/13 15:37:21 INFO TaskSetManager: Finished task 30.0 in stage 0.0 (TID 29) in 55430 ms on pi03 (32/46)
15/06/13 15:37:51 INFO BlockManagerInfo: Added rdd_4_45 in memory on pi03:56280 (size: 12.5 MB, free: 50.3 MB)
15/06/13 15:37:52 INFO TaskSetManager: Finished task 45.0 in stage 0.0 (TID 45) in 31057 ms on pi03 (33/46)
15/06/13 15:38:07 INFO TaskSetManager: Finished task 31.0 in stage 0.0 (TID 33) in 52768 ms on pi01 (34/46)
15/06/13 15:38:07 INFO TaskSetManager: Finished task 29.0 in stage 0.0 (TID 32) in 53241 ms on pi01 (35/46)
15/06/13 15:38:08 INFO TaskSetManager: Finished task 34.0 in stage 0.0 (TID 35) in 52855 ms on pi01 (36/46)
15/06/13 15:38:08 INFO TaskSetManager: Finished task 35.0 in stage 0.0 (TID 36) in 52880 ms on pi01 (37/46)
15/06/13 15:38:09 INFO BlockManagerInfo: Added rdd_4_43 in memory on pi03:56280 (size: 20.6 MB, free: 29.7 MB)
15/06/13 15:38:09 INFO TaskSetManager: Finished task 40.0 in stage 0.0 (TID 39) in 53021 ms on pi02 (38/46)
15/06/13 15:38:10 INFO TaskSetManager: Finished task 38.0 in stage 0.0 (TID 38) in 53426 ms on pi02 (39/46)
15/06/13 15:38:10 INFO TaskSetManager: Finished task 43.0 in stage 0.0 (TID 44) in 49433 ms on pi03 (40/46)
15/06/13 15:38:10 INFO TaskSetManager: Finished task 36.0 in stage 0.0 (TID 34) in 55205 ms on pi00 (41/46)
15/06/13 15:38:11 INFO TaskSetManager: Finished task 37.0 in stage 0.0 (TID 37) in 55140 ms on pi00 (42/46)
15/06/13 15:38:11 INFO TaskSetManager: Finished task 41.0 in stage 0.0 (TID 40) in 54249 ms on pi02 (43/46)
15/06/13 15:38:11 INFO TaskSetManager: Finished task 42.0 in stage 0.0 (TID 42) in 54775 ms on pi02 (44/46)
15/06/13 15:38:11 INFO TaskSetManager: Finished task 44.0 in stage 0.0 (TID 43) in 54726 ms on pi00 (45/46)
15/06/13 15:38:12 INFO DAGScheduler: Stage 0 (treeAggregate at IDF.scala:53) finished in 188.066 s
15/06/13 15:38:12 INFO DAGScheduler: looking for newly runnable stages
15/06/13 15:38:12 INFO TaskSetManager: Finished task 39.0 in stage 0.0 (TID 41) in 55503 ms on pi00 (46/46)
15/06/13 15:38:12 INFO DAGScheduler: running: Set()
15/06/13 15:38:12 INFO DAGScheduler: waiting: Set(Stage 1)
15/06/13 15:38:12 INFO TaskSchedulerImpl: Removed TaskSet 0.0, whose tasks have all completed, from pool 
15/06/13 15:38:12 INFO DAGScheduler: failed: Set()
15/06/13 15:38:12 INFO DAGScheduler: Missing parents for Stage 1: List()
15/06/13 15:38:12 INFO DAGScheduler: Submitting Stage 1 (MapPartitionsRDD[8] at treeAggregate at IDF.scala:53), which is now runnable
15/06/13 15:38:12 INFO MemoryStore: ensureFreeSpace(2672) called with curMem=288480, maxMem=208373022
15/06/13 15:38:12 INFO MemoryStore: Block broadcast_2 stored as values in memory (estimated size 2.6 KB, free 198.4 MB)
15/06/13 15:38:12 INFO MemoryStore: ensureFreeSpace(1946) called with curMem=291152, maxMem=208373022
15/06/13 15:38:12 INFO MemoryStore: Block broadcast_2_piece0 stored as bytes in memory (estimated size 1946.0 B, free 198.4 MB)
15/06/13 15:38:12 INFO BlockManagerInfo: Added broadcast_2_piece0 in memory on dell01:33849 (size: 1946.0 B, free: 198.7 MB)
15/06/13 15:38:12 INFO BlockManagerMaster: Updated info of block broadcast_2_piece0
15/06/13 15:38:12 INFO SparkContext: Created broadcast 2 from broadcast at DAGScheduler.scala:839
15/06/13 15:38:12 INFO DAGScheduler: Submitting 6 missing tasks from Stage 1 (MapPartitionsRDD[8] at treeAggregate at IDF.scala:53)
15/06/13 15:38:12 INFO TaskSchedulerImpl: Adding task set 1.0 with 6 tasks
15/06/13 15:38:12 INFO TaskSetManager: Starting task 0.0 in stage 1.0 (TID 46, pi01, PROCESS_LOCAL, 1122 bytes)
15/06/13 15:38:12 INFO TaskSetManager: Starting task 1.0 in stage 1.0 (TID 47, pi02, PROCESS_LOCAL, 1122 bytes)
15/06/13 15:38:12 INFO TaskSetManager: Starting task 2.0 in stage 1.0 (TID 48, pi03, PROCESS_LOCAL, 1122 bytes)
15/06/13 15:38:12 INFO TaskSetManager: Starting task 3.0 in stage 1.0 (TID 49, pi00, PROCESS_LOCAL, 1122 bytes)
15/06/13 15:38:12 INFO TaskSetManager: Starting task 4.0 in stage 1.0 (TID 50, pi01, PROCESS_LOCAL, 1122 bytes)
15/06/13 15:38:12 INFO TaskSetManager: Starting task 5.0 in stage 1.0 (TID 51, pi02, PROCESS_LOCAL, 1122 bytes)
15/06/13 15:38:12 INFO BlockManagerInfo: Added broadcast_2_piece0 in memory on pi03:56280 (size: 1946.0 B, free: 29.7 MB)
15/06/13 15:38:12 INFO BlockManagerInfo: Added broadcast_2_piece0 in memory on pi01:44293 (size: 1946.0 B, free: 64.6 MB)
15/06/13 15:38:12 INFO MapOutputTrackerMasterActor: Asked to send map output locations for shuffle 0 to sparkExecutor@pi03:53871
15/06/13 15:38:12 INFO MapOutputTrackerMaster: Size of output statuses for shuffle 0 is 295 bytes
15/06/13 15:38:12 INFO MapOutputTrackerMasterActor: Asked to send map output locations for shuffle 0 to sparkExecutor@pi01:60228
15/06/13 15:38:12 INFO BlockManagerInfo: Added broadcast_2_piece0 in memory on pi02:50206 (size: 1946.0 B, free: 51.8 MB)
15/06/13 15:38:12 INFO MapOutputTrackerMasterActor: Asked to send map output locations for shuffle 0 to sparkExecutor@pi02:39882
15/06/13 15:38:12 INFO BlockManagerInfo: Added broadcast_2_piece0 in memory on pi00:48034 (size: 1946.0 B, free: 44.1 MB)
15/06/13 15:38:13 INFO MapOutputTrackerMasterActor: Asked to send map output locations for shuffle 0 to sparkExecutor@pi00:49437
15/06/13 15:38:20 INFO BlockManager: Removing broadcast 1
15/06/13 15:38:20 INFO BlockManager: Removing block broadcast_1_piece0
15/06/13 15:38:20 INFO MemoryStore: Block broadcast_1_piece0 of size 3233 dropped from memory (free 208083157)
15/06/13 15:38:20 INFO BlockManagerInfo: Removed broadcast_1_piece0 on dell01:33849 in memory (size: 3.2 KB, free: 198.7 MB)
15/06/13 15:38:20 INFO BlockManagerMaster: Updated info of block broadcast_1_piece0
15/06/13 15:38:20 INFO BlockManager: Removing block broadcast_1
15/06/13 15:38:20 INFO MemoryStore: Block broadcast_1 of size 4760 dropped from memory (free 208087917)
15/06/13 15:38:22 INFO BlockManagerInfo: Removed broadcast_1_piece0 on pi03:56280 in memory (size: 3.2 KB, free: 29.7 MB)
15/06/13 15:38:23 INFO BlockManagerInfo: Removed broadcast_1_piece0 on pi00:48034 in memory (size: 3.2 KB, free: 44.1 MB)
15/06/13 15:38:25 INFO TaskSetManager: Finished task 2.0 in stage 1.0 (TID 48) in 9650 ms on pi03 (1/6)
15/06/13 15:38:25 INFO BlockManagerInfo: Removed broadcast_1_piece0 on pi01:44293 in memory (size: 3.2 KB, free: 64.6 MB)
15/06/13 15:38:25 INFO TaskSetManager: Finished task 0.0 in stage 1.0 (TID 46) in 12790 ms on pi01 (2/6)
15/06/13 15:38:25 INFO TaskSetManager: Finished task 4.0 in stage 1.0 (TID 50) in 12862 ms on pi01 (3/6)
15/06/13 15:38:25 INFO TaskSetManager: Finished task 3.0 in stage 1.0 (TID 49) in 12982 ms on pi00 (4/6)
15/06/13 15:38:25 INFO BlockManagerInfo: Removed broadcast_1_piece0 on pi02:50206 in memory (size: 3.2 KB, free: 51.8 MB)
15/06/13 15:38:25 INFO TaskSetManager: Finished task 5.0 in stage 1.0 (TID 51) in 13307 ms on pi02 (5/6)
15/06/13 15:38:27 INFO ContextCleaner: Cleaned broadcast 1
15/06/13 15:38:27 INFO TaskSetManager: Finished task 1.0 in stage 1.0 (TID 47) in 14890 ms on pi02 (6/6)
15/06/13 15:38:27 INFO DAGScheduler: Stage 1 (treeAggregate at IDF.scala:53) finished in 14.938 s
15/06/13 15:38:27 INFO TaskSchedulerImpl: Removed TaskSet 1.0, whose tasks have all completed, from pool 
15/06/13 15:38:27 INFO DAGScheduler: Job 0 finished: treeAggregate at IDF.scala:53, took 203.320963 s
15/06/13 15:38:27 INFO MemoryStore: ensureFreeSpace(8388664) called with curMem=285105, maxMem=208373022
15/06/13 15:38:27 INFO MemoryStore: Block broadcast_3 stored as values in memory (estimated size 8.0 MB, free 190.4 MB)
15/06/13 15:38:27 INFO MemoryStore: ensureFreeSpace(952318) called with curMem=8673769, maxMem=208373022
15/06/13 15:38:27 INFO MemoryStore: Block broadcast_3_piece0 stored as bytes in memory (estimated size 930.0 KB, free 189.5 MB)
15/06/13 15:38:27 INFO BlockManagerInfo: Added broadcast_3_piece0 in memory on dell01:33849 (size: 930.0 KB, free: 197.8 MB)
15/06/13 15:38:27 INFO BlockManagerMaster: Updated info of block broadcast_3_piece0
15/06/13 15:38:27 INFO SparkContext: Created broadcast 3 from broadcast at IDF.scala:175
15/06/13 15:38:27 INFO SparkContext: Starting job: take at ModelBuilder.scala:86
15/06/13 15:38:27 INFO DAGScheduler: Got job 1 (take at ModelBuilder.scala:86) with 1 output partitions (allowLocal=true)
15/06/13 15:38:27 INFO DAGScheduler: Final stage: Stage 2(take at ModelBuilder.scala:86)
15/06/13 15:38:27 INFO DAGScheduler: Parents of final stage: List()
15/06/13 15:38:27 INFO DAGScheduler: Missing parents: List()
15/06/13 15:38:27 INFO DAGScheduler: Submitting Stage 2 (MapPartitionsRDD[9] at mapPartitions at IDF.scala:176), which has no missing parents
15/06/13 15:38:27 INFO MemoryStore: ensureFreeSpace(3608) called with curMem=9626087, maxMem=208373022
15/06/13 15:38:27 INFO MemoryStore: Block broadcast_4 stored as values in memory (estimated size 3.5 KB, free 189.5 MB)
15/06/13 15:38:27 INFO MemoryStore: ensureFreeSpace(2501) called with curMem=9629695, maxMem=208373022
15/06/13 15:38:27 INFO MemoryStore: Block broadcast_4_piece0 stored as bytes in memory (estimated size 2.4 KB, free 189.5 MB)
15/06/13 15:38:27 INFO BlockManagerInfo: Added broadcast_4_piece0 in memory on dell01:33849 (size: 2.4 KB, free: 197.8 MB)
15/06/13 15:38:27 INFO BlockManagerMaster: Updated info of block broadcast_4_piece0
15/06/13 15:38:27 INFO SparkContext: Created broadcast 4 from broadcast at DAGScheduler.scala:839
15/06/13 15:38:27 INFO DAGScheduler: Submitting 1 missing tasks from Stage 2 (MapPartitionsRDD[9] at mapPartitions at IDF.scala:176)
15/06/13 15:38:27 INFO TaskSchedulerImpl: Adding task set 2.0 with 1 tasks
15/06/13 15:38:27 INFO TaskSetManager: Starting task 0.0 in stage 2.0 (TID 52, pi02, PROCESS_LOCAL, 1387 bytes)
15/06/13 15:38:27 INFO BlockManagerInfo: Added broadcast_4_piece0 in memory on pi02:50206 (size: 2.4 KB, free: 51.8 MB)
15/06/13 15:38:28 INFO BlockManagerInfo: Added broadcast_3_piece0 in memory on pi02:50206 (size: 930.0 KB, free: 50.9 MB)
15/06/13 15:38:28 INFO TaskSetManager: Finished task 0.0 in stage 2.0 (TID 52) in 712 ms on pi02 (1/1)
15/06/13 15:38:28 INFO DAGScheduler: Stage 2 (take at ModelBuilder.scala:86) finished in 0.734 s
15/06/13 15:38:28 INFO TaskSchedulerImpl: Removed TaskSet 2.0, whose tasks have all completed, from pool 
15/06/13 15:38:28 INFO DAGScheduler: Job 1 finished: take at ModelBuilder.scala:86, took 0.780203 s
15/06/13 15:38:29 INFO BlockManager: Removing broadcast 4
15/06/13 15:38:29 INFO BlockManager: Removing block broadcast_4
15/06/13 15:38:29 INFO MemoryStore: Block broadcast_4 of size 3608 dropped from memory (free 198744434)
15/06/13 15:38:29 INFO BlockManager: Removing block broadcast_4_piece0
15/06/13 15:38:29 INFO MemoryStore: Block broadcast_4_piece0 of size 2501 dropped from memory (free 198746935)
15/06/13 15:38:29 INFO BlockManagerInfo: Removed broadcast_4_piece0 on dell01:33849 in memory (size: 2.4 KB, free: 197.8 MB)
15/06/13 15:38:29 INFO BlockManagerMaster: Updated info of block broadcast_4_piece0
15/06/13 15:38:29 INFO BlockManagerInfo: Removed broadcast_4_piece0 on pi02:50206 in memory (size: 2.4 KB, free: 50.9 MB)
15/06/13 15:38:29 INFO ContextCleaner: Cleaned broadcast 4
